<?xml version="1.0" encoding="UTF-8"?>
<robot generator="Robot 7.0 (Python 3.11.2 on win32)" generated="2024-07-25T02:26:12.161386" rpa="false" schemaversion="5">
<suite id="s1" name="Search" source="d:\2. Pelatihan\QA\Project\Project Robot\Mobile_Robot_Framework\Suites\search.robot">
<test id="s1-t1" name="Search With Valid Data" line="21">
<kw name="Open Flight Application" owner="base" type="SETUP">
<kw name="Open Application" owner="AppiumLibrary">
<arg>${REMOTE_URL}</arg>
<arg>platformName=${PLATFORM_NAME}</arg>
<arg>platformVersion=${PLATFORM_VERSION}</arg>
<arg>deviceName=${DEVICE_NAME}</arg>
<arg>appPackage=${APP_PACKAGE}</arg>
<arg>appActivity=${APP_ACTIVITY}</arg>
<doc>Opens a new application to given Appium server.
Capabilities of appium server, Android and iOS,
Please check https://github.com/appium/appium/blob/master/docs/en/writing-running-appium/server-args.md
| *Option*            | *Man.* | *Description*     |
| remote_url          | Yes    | Appium server url |
| alias               | no     | alias             |
| strict_ssl          | No     | allows you to send commands to an invalid certificate host like a self-signed one. |</doc>
<status status="PASS" start="2024-07-25T02:26:12.695106" elapsed="9.494264"/>
</kw>
<status status="PASS" start="2024-07-25T02:26:12.693597" elapsed="9.496309"/>
</kw>
<kw name="Login With Valid Credential" owner="loginPage">
<kw name="Verify Home Screen Appears" owner="homePage">
<kw name="Element Should Be Visible" owner="AppiumLibrary">
<msg time="2024-07-25T02:26:24.131400" level="INFO">xpath criteria: //android.widget.ImageView[@resource-id="com.example.myapplication:id/imageView4"]</msg>
<arg>locator=${home_screen}</arg>
<doc>Verifies that element identified with locator is visible.</doc>
<status status="PASS" start="2024-07-25T02:26:22.194472" elapsed="1.938929"/>
</kw>
<status status="PASS" start="2024-07-25T02:26:22.193471" elapsed="1.939930"/>
</kw>
<kw name="Click Sign In Button On Home Screen" owner="homePage">
<kw name="Click Element" owner="AppiumLibrary">
<msg time="2024-07-25T02:26:24.136922" level="INFO">Clicking element '//android.widget.Button[@resource-id="com.example.myapplication:id/login"]'.</msg>
<msg time="2024-07-25T02:26:24.300317" level="INFO">xpath criteria: //android.widget.Button[@resource-id="com.example.myapplication:id/login"]</msg>
<arg>locator=${signin_button}</arg>
<doc>Click element identified by `locator`.</doc>
<status status="PASS" start="2024-07-25T02:26:24.134909" elapsed="0.165408"/>
</kw>
<status status="PASS" start="2024-07-25T02:26:24.133401" elapsed="0.167940"/>
</kw>
<kw name="Input Username" owner="loginPage">
<kw name="Wait Until Element Is Visible" owner="AppiumLibrary">
<msg time="2024-07-25T02:26:26.160356" level="INFO">xpath criteria: //android.widget.EditText[@resource-id="com.example.myapplication:id/username"]
xpath criteria: //android.widget.EditText[@resource-id="com.example.myapplication:id/username"]</msg>
<arg>locator=${username_input}</arg>
<doc>Waits until element specified with `locator` is visible.</doc>
<status status="PASS" start="2024-07-25T02:26:24.302347" elapsed="1.859668"/>
</kw>
<kw name="Input Text" owner="AppiumLibrary">
<msg time="2024-07-25T02:26:26.166898" level="INFO">Typing text 'support@ngendigital.com' into text field '//android.widget.EditText[@resource-id="com.example.myapplication:id/username"]'</msg>
<msg time="2024-07-25T02:26:26.299219" level="INFO">xpath criteria: //android.widget.EditText[@resource-id="com.example.myapplication:id/username"]</msg>
<arg>locator=${username_input}</arg>
<arg>text=${username}</arg>
<doc>Types the given `text` into text field identified by `locator`.</doc>
<status status="PASS" start="2024-07-25T02:26:26.163369" elapsed="0.135850"/>
</kw>
<arg>username=${username}</arg>
<status status="PASS" start="2024-07-25T02:26:24.301341" elapsed="1.997878"/>
</kw>
<kw name="Input User Password" owner="loginPage">
<kw name="Input Text" owner="AppiumLibrary">
<msg time="2024-07-25T02:26:26.303440" level="INFO">Typing text 'abc123' into text field '//android.widget.EditText[@resource-id="com.example.myapplication:id/password"]'</msg>
<msg time="2024-07-25T02:26:26.901410" level="INFO">xpath criteria: //android.widget.EditText[@resource-id="com.example.myapplication:id/password"]</msg>
<arg>locator=${password_input}</arg>
<arg>text=${password}</arg>
<doc>Types the given `text` into text field identified by `locator`.</doc>
<status status="PASS" start="2024-07-25T02:26:26.300734" elapsed="0.600676"/>
</kw>
<arg>password=${password}</arg>
<status status="PASS" start="2024-07-25T02:26:26.300223" elapsed="0.601187"/>
</kw>
<kw name="Click Sign In Button On Login Screen" owner="loginPage">
<kw name="Wait Until Element Is Visible" owner="AppiumLibrary">
<msg time="2024-07-25T02:26:27.498084" level="INFO">xpath criteria: //android.widget.Button[@resource-id="com.example.myapplication:id/signIn"]</msg>
<arg>locator=${signin_element}</arg>
<doc>Waits until element specified with `locator` is visible.</doc>
<status status="PASS" start="2024-07-25T02:26:26.902407" elapsed="0.595677"/>
</kw>
<kw name="Click Element" owner="AppiumLibrary">
<msg time="2024-07-25T02:26:27.500725" level="INFO">Clicking element '//android.widget.Button[@resource-id="com.example.myapplication:id/signIn"]'.</msg>
<msg time="2024-07-25T02:26:27.659812" level="INFO">xpath criteria: //android.widget.Button[@resource-id="com.example.myapplication:id/signIn"]</msg>
<arg>locator=${signin_element}</arg>
<doc>Click element identified by `locator`.</doc>
<status status="PASS" start="2024-07-25T02:26:27.498084" elapsed="0.162734"/>
</kw>
<status status="PASS" start="2024-07-25T02:26:26.902407" elapsed="0.758411"/>
</kw>
<kw name="Verify Success Login" owner="homePage">
<kw name="Wait Until Element Is Visible" owner="AppiumLibrary">
<msg time="2024-07-25T02:26:29.367166" level="INFO">xpath criteria: //android.widget.TextView[@resource-id="com.example.myapplication:id/textView"]
xpath criteria: //android.widget.TextView[@resource-id="com.example.myapplication:id/textView"]</msg>
<arg>locator=${success_text}</arg>
<doc>Waits until element specified with `locator` is visible.</doc>
<status status="PASS" start="2024-07-25T02:26:27.661816" elapsed="1.705862"/>
</kw>
<status status="PASS" start="2024-07-25T02:26:27.660818" elapsed="1.706860"/>
</kw>
<arg>${VALID_USERNAME}</arg>
<arg>${VALID_PASSWORD}</arg>
<status status="PASS" start="2024-07-25T02:26:22.191440" elapsed="7.176238"/>
</kw>
<kw name="Valid Search" owner="searchPage">
<kw name="Click Element" owner="AppiumLibrary">
<msg time="2024-07-25T02:26:29.374726" level="INFO">Clicking element '//android.widget.Button[@resource-id="com.example.myapplication:id/search_flight"]'.</msg>
<msg time="2024-07-25T02:26:29.625007" level="INFO">xpath criteria: //android.widget.Button[@resource-id="com.example.myapplication:id/search_flight"]</msg>
<arg>locator=${search_button}</arg>
<doc>Click element identified by `locator`.</doc>
<status status="PASS" start="2024-07-25T02:26:29.369682" elapsed="0.256328"/>
</kw>
<kw name="Wait Until Element Is Visible" owner="AppiumLibrary">
<msg time="2024-07-25T02:26:31.773520" level="INFO">xpath criteria: //android.widget.EditText[@resource-id="com.example.myapplication:id/flight_number"]
xpath criteria: //android.widget.EditText[@resource-id="com.example.myapplication:id/flight_number"]</msg>
<arg>locator=${text_input}</arg>
<doc>Waits until element specified with `locator` is visible.</doc>
<status status="PASS" start="2024-07-25T02:26:29.626010" elapsed="2.148510"/>
</kw>
<kw name="Input Text" owner="AppiumLibrary">
<msg time="2024-07-25T02:26:31.780471" level="INFO">Typing text 'DA935' into text field '//android.widget.EditText[@resource-id="com.example.myapplication:id/flight_number"]'</msg>
<msg time="2024-07-25T02:26:32.019616" level="INFO">xpath criteria: //android.widget.EditText[@resource-id="com.example.myapplication:id/flight_number"]</msg>
<arg>locator=${text_input}</arg>
<arg>text=${searchKey}</arg>
<doc>Types the given `text` into text field identified by `locator`.</doc>
<status status="PASS" start="2024-07-25T02:26:31.775031" elapsed="0.245795"/>
</kw>
<kw name="Wait Until Element Is Visible" owner="AppiumLibrary">
<msg time="2024-07-25T02:26:32.670543" level="INFO">xpath criteria: //*[@resource-id='com.example.myapplication:id/searchFlight']</msg>
<arg>locator=${search_text}</arg>
<doc>Waits until element specified with `locator` is visible.</doc>
<status status="PASS" start="2024-07-25T02:26:32.021658" elapsed="0.648885"/>
</kw>
<kw name="Click Element" owner="AppiumLibrary">
<msg time="2024-07-25T02:26:32.675619" level="INFO">Clicking element '//*[@resource-id='com.example.myapplication:id/searchFlight']'.</msg>
<msg time="2024-07-25T02:26:32.953253" level="INFO">xpath criteria: //*[@resource-id='com.example.myapplication:id/searchFlight']</msg>
<arg>locator=${search_text}</arg>
<doc>Click element identified by `locator`.</doc>
<status status="PASS" start="2024-07-25T02:26:32.671542" elapsed="0.281711"/>
</kw>
<kw name="Wait Until Element Is Visible" owner="AppiumLibrary">
<msg time="2024-07-25T02:26:34.800984" level="INFO">xpath criteria: //android.widget.TableLayout/android.widget.TableRow[1]
xpath criteria: //android.widget.TableLayout/android.widget.TableRow[1]</msg>
<arg>locator=${search_page}</arg>
<doc>Waits until element specified with `locator` is visible.</doc>
<status status="PASS" start="2024-07-25T02:26:32.953253" elapsed="1.848739"/>
</kw>
<kw name="Element Should Contain Text" owner="AppiumLibrary">
<msg time="2024-07-25T02:26:34.806087" level="INFO">Verifying element '//android.widget.TextView[@text="DA 935"]' contains text 'DA 935'.</msg>
<msg time="2024-07-25T02:26:35.030632" level="INFO">xpath criteria: //android.widget.TextView[@text="DA 935"]</msg>
<arg>locator=${flight_number}</arg>
<arg>expected=DA 935</arg>
<doc>Verifies element identified by ``locator`` contains text ``expected``.</doc>
<status status="PASS" start="2024-07-25T02:26:34.801992" elapsed="0.229150"/>
</kw>
<arg>${VALID_SEARCHKEY}</arg>
<status status="PASS" start="2024-07-25T02:26:29.368680" elapsed="5.662972"/>
</kw>
<kw name="Close Flight Application" owner="base" type="TEARDOWN">
<kw name="Close Application" owner="AppiumLibrary">
<doc>Closes the current application and also close webdriver session.</doc>
<status status="PASS" start="2024-07-25T02:26:35.032655" elapsed="0.823199"/>
</kw>
<status status="PASS" start="2024-07-25T02:26:35.032655" elapsed="0.824242"/>
</kw>
<status status="PASS" start="2024-07-25T02:26:12.692596" elapsed="23.164301"/>
</test>
<status status="PASS" start="2024-07-25T02:26:12.198307" elapsed="23.661424"/>
</suite>
<statistics>
<total>
<stat pass="1" fail="0" skip="0">All Tests</stat>
</total>
<tag>
</tag>
<suite>
<stat pass="1" fail="0" skip="0" id="s1" name="Search">Search</stat>
</suite>
</statistics>
<errors>
</errors>
</robot>
